[2025-11-06 23:51:19] [PHP] Removendo PID de um processo antigo: 9848
[2025-11-06 23:51:19] [PHP] Iniciando o daemon...
[2025-11-06 23:51:24] [PHP] Falha ao iniciar o daemon: tempo limite excedido
[2025-11-06 23:51:24] [PHP] Iniciando o daemon...
[2025-11-06 23:51:30] [PHP] Falha ao iniciar o daemon: tempo limite excedido
[2025-11-06 23:51:49] [PHP] Iniciando o daemon...
[2025-11-06 23:51:52] [PHP] Daemon iniciado com sucesso (PID: 15028)
[2025-11-06 23:51:53] [PHP] Removendo PID de um processo antigo: 15028
[2025-11-06 23:51:53] [PHP] Iniciando o daemon...
[2025-11-06 23:51:56] [PHP] Falha ao iniciar o daemon: tempo limite excedido
[2025-11-06 23:55:46] [PHP] Iniciando o daemon...
[2025-11-06 23:55:55] [PHP] Daemon iniciado com sucesso (PID: 11668)
[2025-11-06 23:55:55] [PHP] Removendo PID de um processo antigo: 11668
[2025-11-06 23:55:55] [PHP] Iniciando o daemon...
[2025-11-06 23:56:00] [PHP] Falha ao iniciar o daemon: tempo limite excedido
[2025-11-06 23:56:26] [PHP] Iniciando o daemon...
[2025-11-06 23:56:31] [PHP] Falha ao iniciar o daemon: tempo limite excedido
[2025-11-06 23:56:56] [PHP] Iniciando o daemon...
[2025-11-06 23:57:09] [PHP] Falha ao iniciar o daemon: tempo limite excedido
[2025-11-06 23:57:51] [BAT] Iniciando execução dos scripts batch...
[2025-11-06 23:57:51] [BAT] Executado com sucesso: start /B "" "C:\xampp\htdocs\TCC/start_arduino_daemon_silent.bat"
[2025-11-06 23:57:51] [BAT] Executado com sucesso: start /B "" "C:\xampp\htdocs\TCC/start_light_controller.bat"
[2025-11-06 23:57:51] [BAT] start_arduino_daemon_silent.bat: SUCESSO
[2025-11-06 23:57:51] [BAT] start_light_controller.bat: SUCESSO
[2025-11-06 23:57:51] [PHP] Daemon já está em execução (PID: 8916)
[2025-11-06 23:57:51] [PHP] Daemon já está em execução (PID: 8916)
[2025-11-06 23:57:56] [PHP] Daemon já está em execução (PID: 8916)
[2025-11-06 23:57:58] [PHP] Daemon já está em execução (PID: 8916)
