2025-10-04 21:58:54 - Requisi칞칚o recebida: {"light_id":1,"status":"ON"}
[2025-10-04 21:58:54] Tentando controlar l칙mpada - ID: 1, Nome: Teste, Status: ON
Executando comando: python "C:\xampp\htdocs\TCC\includes/../python/arduino_control.py" --light-name "Teste" --status "ON" 2>&1
Sa칤da do comando (c칩digo 0): Iniciando controle da l肱pada: Teste, Status: ON
Status atualizado no arquivo: 100000000000

Iniciando controle da l肱pada: Teste
ID da l肱pada encontrado: 1
Status lido do arquivo: 100000000000
Status da l肱pada 1: LIGADA
Conectando ao Arduino...
Arduino encontrado na porta COM5
Enviando comando para o Arduino: LED1:ON
Resposta do Arduino: Sistema de Controle de LEDs Iniciado
Comando enviado com sucesso!
L肱pada Teste ON com sucesso!
L칙mpada atualizada com sucesso!
2025-10-04 21:59:04 - Requisi칞칚o recebida: {"light_id":1,"status":"OFF"}
[2025-10-04 21:59:04] Tentando controlar l칙mpada - ID: 1, Nome: Teste, Status: OFF
Executando comando: python "C:\xampp\htdocs\TCC\includes/../python/arduino_control.py" --light-name "Teste" --status "OFF" 2>&1
Sa칤da do comando (c칩digo 0): Iniciando controle da l肱pada: Teste, Status: OFF
Status atualizado no arquivo: 000000000000

Iniciando controle da l肱pada: Teste
ID da l肱pada encontrado: 1
Status lido do arquivo: 000000000000
Status da l肱pada 1: DESLIGADA
Conectando ao Arduino...
Arduino encontrado na porta COM5
Enviando comando para o Arduino: LED1:OFF
Resposta do Arduino: Sistema de Controle de LEDs Iniciado
Comando enviado com sucesso!
L肱pada Teste OFF com sucesso!
L칙mpada atualizada com sucesso!
2025-10-04 21:59:22 - Requisi칞칚o recebida: {"light_id":1,"status":"ON"}
[2025-10-04 21:59:22] Tentando controlar l칙mpada - ID: 1, Nome: Teste, Status: ON
Executando comando: python "C:\xampp\htdocs\TCC\includes/../python/arduino_control.py" --light-name "Teste" --status "ON" 2>&1
Sa칤da do comando (c칩digo 0): Iniciando controle da l肱pada: Teste, Status: ON
Status atualizado no arquivo: 100000000000

Iniciando controle da l肱pada: Teste
ID da l肱pada encontrado: 1
Status lido do arquivo: 100000000000
Status da l肱pada 1: LIGADA
Conectando ao Arduino...
Arduino encontrado na porta COM5
Enviando comando para o Arduino: LED1:ON
Resposta do Arduino: Sistema de Controle de LEDs Iniciado
Comando enviado com sucesso!
L肱pada Teste ON com sucesso!
L칙mpada atualizada com sucesso!
2025-10-04 21:59:42 - Requisi칞칚o recebida: {"light_id":1,"status":"OFF"}
[2025-10-04 21:59:42] Tentando controlar l칙mpada - ID: 1, Nome: Teste, Status: OFF
Executando comando: python "C:\xampp\htdocs\TCC\includes/../python/arduino_control.py" --light-name "Teste" --status "OFF" 2>&1
2025-10-04 21:59:47 - Requisi칞칚o recebida: {"light_id":1,"status":"ON"}
[2025-10-04 21:59:47] Tentando controlar l칙mpada - ID: 1, Nome: Teste, Status: ON
Executando comando: python "C:\xampp\htdocs\TCC\includes/../python/arduino_control.py" --light-name "Teste" --status "ON" 2>&1
Sa칤da do comando (c칩digo 0): Iniciando controle da l肱pada: Teste, Status: ON
Status atualizado no arquivo: 100000000000

Iniciando controle da l肱pada: Teste
ID da l肱pada encontrado: 1
Status lido do arquivo: 100000000000
Status da l肱pada 1: LIGADA
Conectando ao Arduino...
Arduino encontrado na porta COM5
Enviando comando para o Arduino: LED1:ON
Resposta do Arduino: Sistema de Controle de LEDs Iniciado
Comando enviado com sucesso!
L肱pada Teste ON com sucesso!
L칙mpada atualizada com sucesso!
Sa칤da do comando (c칩digo 0): Iniciando controle da l肱pada: Teste, Status: OFF
Status atualizado no arquivo: 000000000000

Iniciando controle da l肱pada: Teste
ID da l肱pada encontrado: 1
Status lido do arquivo: 000000000000
Status da l肱pada 1: DESLIGADA
Conectando ao Arduino...
Arduino encontrado na porta COM5
Enviando comando para o Arduino: LED1:OFF
Resposta do Arduino: Sistema de Controle de LEDs Iniciado
Comando enviado com sucesso!
L肱pada Teste OFF com sucesso!
L칙mpada atualizada com sucesso!
2025-10-04 22:00:04 - Requisi칞칚o recebida: {"light_id":1,"status":"ON"}
[2025-10-04 22:00:04] Tentando controlar l칙mpada - ID: 1, Nome: Teste, Status: ON
Executando comando: python "C:\xampp\htdocs\TCC\includes/../python/arduino_control.py" --light-name "Teste" --status "ON" 2>&1
Sa칤da do comando (c칩digo 0): Iniciando controle da l肱pada: Teste, Status: ON
Status atualizado no arquivo: 100000000000

Iniciando controle da l肱pada: Teste
ID da l肱pada encontrado: 1
Status lido do arquivo: 100000000000
Status da l肱pada 1: LIGADA
Conectando ao Arduino...
Arduino encontrado na porta COM5
Enviando comando para o Arduino: LED1:ON
Resposta do Arduino: Sistema de Controle de LEDs Iniciado
Comando enviado com sucesso!
L肱pada Teste ON com sucesso!
L칙mpada atualizada com sucesso!
2025-10-04 22:00:19 - Requisi칞칚o recebida: {"light_id":1,"status":"OFF"}
[2025-10-04 22:00:19] Tentando controlar l칙mpada - ID: 1, Nome: Teste, Status: OFF
Executando comando: python "C:\xampp\htdocs\TCC\includes/../python/arduino_control.py" --light-name "Teste" --status "OFF" 2>&1
Sa칤da do comando (c칩digo 0): Iniciando controle da l肱pada: Teste, Status: OFF
Status atualizado no arquivo: 000000000000

Iniciando controle da l肱pada: Teste
ID da l肱pada encontrado: 1
Status lido do arquivo: 000000000000
Status da l肱pada 1: DESLIGADA
Conectando ao Arduino...
Arduino encontrado na porta COM5
Enviando comando para o Arduino: LED1:OFF
Resposta do Arduino: Sistema de Controle de LEDs Iniciado
Comando enviado com sucesso!
L肱pada Teste OFF com sucesso!
L칙mpada atualizada com sucesso!
2025-10-04 22:00:29 - Requisi칞칚o recebida: {"light_id":1,"status":"ON"}
[2025-10-04 22:00:29] Tentando controlar l칙mpada - ID: 1, Nome: Teste, Status: ON
Executando comando: python "C:\xampp\htdocs\TCC\includes/../python/arduino_control.py" --light-name "Teste" --status "ON" 2>&1
Sa칤da do comando (c칩digo 0): Iniciando controle da l肱pada: Teste, Status: ON
Status atualizado no arquivo: 100000000000

Iniciando controle da l肱pada: Teste
ID da l肱pada encontrado: 1
Status lido do arquivo: 100000000000
Status da l肱pada 1: LIGADA
Conectando ao Arduino...
Arduino encontrado na porta COM5
Enviando comando para o Arduino: LED1:ON
Resposta do Arduino: Sistema de Controle de LEDs Iniciado
Comando enviado com sucesso!
L肱pada Teste ON com sucesso!
L칙mpada atualizada com sucesso!
2025-10-04 22:01:02 - Requisi칞칚o recebida: {"light_id":1,"status":"OFF"}
[2025-10-04 22:01:02] Tentando controlar l칙mpada - ID: 1, Nome: Teste, Status: OFF
Executando comando: python "C:\xampp\htdocs\TCC\includes/../python/arduino_control.py" --light-name "Teste" --status "OFF" 2>&1
Sa칤da do comando (c칩digo 0): Iniciando controle da l肱pada: Teste, Status: OFF
Status atualizado no arquivo: 000000000000

Iniciando controle da l肱pada: Teste
ID da l肱pada encontrado: 1
Status lido do arquivo: 000000000000
Status da l肱pada 1: DESLIGADA
Conectando ao Arduino...
Arduino encontrado na porta COM5
Enviando comando para o Arduino: LED1:OFF
Resposta do Arduino: Sistema de Controle de LEDs Iniciado
Comando enviado com sucesso!
L肱pada Teste OFF com sucesso!
L칙mpada atualizada com sucesso!
